Summary of Verdicts for RCompiler-Testcases/semantic-1:

Total files: 222
Success verdicts: 99
Pass verdicts: 14
Fail verdicts: 109

Detailed breakdown by category:


Detailed list of all files and their verdicts:

File: RCompiler-Testcases/semantic-1/array1/array1.rx
Verdict: Success

File: RCompiler-Testcases/semantic-1/array2/array2.rx
Verdict: Success

File: RCompiler-Testcases/semantic-1/array3/array3.rx
Verdict: Success

File: RCompiler-Testcases/semantic-1/array4/array4.rx
Verdict: Fail

File: RCompiler-Testcases/semantic-1/array5/array5.rx
Verdict: Fail

File: RCompiler-Testcases/semantic-1/array6/array6.rx
Verdict: Fail

File: RCompiler-Testcases/semantic-1/array7/array7.rx
Verdict: Fail

File: RCompiler-Testcases/semantic-1/array8/array8.rx
Verdict: Fail

File: RCompiler-Testcases/semantic-1/autoref1/autoref1.rx
Verdict: Pass

File: RCompiler-Testcases/semantic-1/autoref2/autoref2.rx
Verdict: Pass

File: RCompiler-Testcases/semantic-1/autoref3/autoref3.rx
Verdict: Pass

File: RCompiler-Testcases/semantic-1/autoref4/autoref4.rx
Verdict: Pass

File: RCompiler-Testcases/semantic-1/autoref5/autoref5.rx
Verdict: Pass

File: RCompiler-Testcases/semantic-1/autoref6/autoref6.rx
Verdict: Pass  

File: RCompiler-Testcases/semantic-1/autoref7/autoref7.rx
Verdict: Fail

File: RCompiler-Testcases/semantic-1/autoref8/autoref8.rx
Verdict: Fail

File: RCompiler-Testcases/semantic-1/autoref9/autoref9.rx
Verdict: Pass

File: RCompiler-Testcases/semantic-1/basic1/basic1.rx
Verdict: Success

File: RCompiler-Testcases/semantic-1/basic10/basic10.rx
Verdict: Fail

File: RCompiler-Testcases/semantic-1/basic11/basic11.rx
Verdict: Success

File: RCompiler-Testcases/semantic-1/basic12/basic12.rx
Verdict: Fail

File: RCompiler-Testcases/semantic-1/basic13/basic13.rx
Verdict: Fail

File: RCompiler-Testcases/semantic-1/basic14/basic14.rx
Verdict: Fail

File: RCompiler-Testcases/semantic-1/basic15/basic15.rx
Verdict: Fail

File: RCompiler-Testcases/semantic-1/basic16/basic16.rx
Verdict: Fail

File: RCompiler-Testcases/semantic-1/basic17/basic17.rx
Verdict: Success

File: RCompiler-Testcases/semantic-1/basic18/basic18.rx
Verdict: Success

File: RCompiler-Testcases/semantic-1/basic19/basic19.rx
Verdict: Success

File: RCompiler-Testcases/semantic-1/basic2/basic2.rx
Verdict: Fail

File: RCompiler-Testcases/semantic-1/basic20/basic20.rx
Verdict: Success

File: RCompiler-Testcases/semantic-1/basic21/basic21.rx
Verdict: Pass

File: RCompiler-Testcases/semantic-1/basic22/basic22.rx
Verdict: Success

File: RCompiler-Testcases/semantic-1/basic23/basic23.rx
Verdict: Success

File: RCompiler-Testcases/semantic-1/basic24/basic24.rx
Verdict: Success

File: RCompiler-Testcases/semantic-1/basic25/basic25.rx
Verdict: Success

File: RCompiler-Testcases/semantic-1/basic26/basic26.rx
Verdict: Success

File: RCompiler-Testcases/semantic-1/basic27/basic27.rx
Verdict: Success

File: RCompiler-Testcases/semantic-1/basic28/basic28.rx
Verdict: Fail

File: RCompiler-Testcases/semantic-1/basic29/basic29.rx
Verdict: Success

File: RCompiler-Testcases/semantic-1/basic3/basic3.rx
Verdict: Fail

File: RCompiler-Testcases/semantic-1/basic30/basic30.rx
Verdict: Fail

File: RCompiler-Testcases/semantic-1/basic31/basic31.rx
Verdict: Fail

File: RCompiler-Testcases/semantic-1/basic32/basic32.rx
Verdict: Fail

File: RCompiler-Testcases/semantic-1/basic33/basic33.rx
Verdict: Fail

File: RCompiler-Testcases/semantic-1/basic34/basic34.rx
Verdict: Fail

File: RCompiler-Testcases/semantic-1/basic35/basic35.rx
Verdict: Fail

File: RCompiler-Testcases/semantic-1/basic36/basic36.rx
Verdict: Success

File: RCompiler-Testcases/semantic-1/basic37/basic37.rx
Verdict: Success

File: RCompiler-Testcases/semantic-1/basic38/basic38.rx
Verdict: Fail

File: RCompiler-Testcases/semantic-1/basic39/basic39.rx
Verdict: Success

File: RCompiler-Testcases/semantic-1/basic4/basic4.rx
Verdict: Success

File: RCompiler-Testcases/semantic-1/basic40/basic40.rx
Verdict: Success

File: RCompiler-Testcases/semantic-1/basic5/basic5.rx
Verdict: Fail

File: RCompiler-Testcases/semantic-1/basic6/basic6.rx
Verdict: Fail

File: RCompiler-Testcases/semantic-1/basic7/basic7.rx
Verdict: Fail

File: RCompiler-Testcases/semantic-1/basic8/basic8.rx
Verdict: Fail

File: RCompiler-Testcases/semantic-1/basic9/basic9.rx
Verdict: Fail

File: RCompiler-Testcases/semantic-1/expr1/expr1.rx
Verdict: Fail

File: RCompiler-Testcases/semantic-1/expr10/expr10.rx
Verdict: Fail

File: RCompiler-Testcases/semantic-1/expr11/expr11.rx
Verdict: Fail

File: RCompiler-Testcases/semantic-1/expr12/expr12.rx
Verdict: Fail

File: RCompiler-Testcases/semantic-1/expr13/expr13.rx
Verdict: Pass

File: RCompiler-Testcases/semantic-1/expr14/expr14.rx
Verdict: Fail

File: RCompiler-Testcases/semantic-1/expr15/expr15.rx
Verdict: Fail

File: RCompiler-Testcases/semantic-1/expr16/expr16.rx
Verdict: Fail

File: RCompiler-Testcases/semantic-1/expr17/expr17.rx
Verdict: Success

File: RCompiler-Testcases/semantic-1/expr18/expr18.rx
Verdict: Fail

File: RCompiler-Testcases/semantic-1/expr19/expr19.rx
Verdict: Success

File: RCompiler-Testcases/semantic-1/expr2/expr2.rx
Verdict: Fail

File: RCompiler-Testcases/semantic-1/expr20/expr20.rx
Verdict: Fail

File: RCompiler-Testcases/semantic-1/expr21/expr21.rx
Verdict: Fail

File: RCompiler-Testcases/semantic-1/expr22/expr22.rx
Verdict: Fail

File: RCompiler-Testcases/semantic-1/expr23/expr23.rx
Verdict: Fail

File: RCompiler-Testcases/semantic-1/expr24/expr24.rx
Verdict: Fail

File: RCompiler-Testcases/semantic-1/expr25/expr25.rx
Verdict: Fail

File: RCompiler-Testcases/semantic-1/expr26/expr26.rx
Verdict: Fail

File: RCompiler-Testcases/semantic-1/expr27/expr27.rx
Verdict: Fail

File: RCompiler-Testcases/semantic-1/expr28/expr28.rx
Verdict: Fail

File: RCompiler-Testcases/semantic-1/expr29/expr29.rx
Verdict: Fail

File: RCompiler-Testcases/semantic-1/expr3/expr3.rx
Verdict: Fail

File: RCompiler-Testcases/semantic-1/expr30/expr30.rx
Verdict: Fail

File: RCompiler-Testcases/semantic-1/expr31/expr31.rx
Verdict: Fail

File: RCompiler-Testcases/semantic-1/expr32/expr32.rx
Verdict: Fail

File: RCompiler-Testcases/semantic-1/expr33/expr33.rx
Verdict: Success

File: RCompiler-Testcases/semantic-1/expr34/expr34.rx
Verdict: Success

File: RCompiler-Testcases/semantic-1/expr35/expr35.rx
Verdict: Fail

File: RCompiler-Testcases/semantic-1/expr36/expr36.rx
Verdict: Success

File: RCompiler-Testcases/semantic-1/expr37/expr37.rx
Verdict: Fail

File: RCompiler-Testcases/semantic-1/expr38/expr38.rx
Verdict: Success

File: RCompiler-Testcases/semantic-1/expr39/expr39.rx
Verdict: Fail

File: RCompiler-Testcases/semantic-1/expr4/expr4.rx
Verdict: Fail

File: RCompiler-Testcases/semantic-1/expr40/expr40.rx
Verdict: Fail

File: RCompiler-Testcases/semantic-1/expr5/expr5.rx
Verdict: Fail

File: RCompiler-Testcases/semantic-1/expr6/expr6.rx
Verdict: Fail

File: RCompiler-Testcases/semantic-1/expr7/expr7.rx
Verdict: Fail

File: RCompiler-Testcases/semantic-1/expr8/expr8.rx
Verdict: Fail

File: RCompiler-Testcases/semantic-1/expr9/expr9.rx
Verdict: Fail

File: RCompiler-Testcases/semantic-1/if1/if1.rx
Verdict: Success

File: RCompiler-Testcases/semantic-1/if10/if10.rx
Verdict: Success

File: RCompiler-Testcases/semantic-1/if11/if11.rx
Verdict: Fail

File: RCompiler-Testcases/semantic-1/if12/if12.rx
Verdict: Fail

File: RCompiler-Testcases/semantic-1/if13/if13.rx
Verdict: Fail

File: RCompiler-Testcases/semantic-1/if14/if14.rx
Verdict: Fail

File: RCompiler-Testcases/semantic-1/if15/if15.rx
Verdict: Fail

File: RCompiler-Testcases/semantic-1/if2/if2.rx
Verdict: Success

File: RCompiler-Testcases/semantic-1/if3/if3.rx
Verdict: Success

File: RCompiler-Testcases/semantic-1/if4/if4.rx
Verdict: Success

File: RCompiler-Testcases/semantic-1/if5/if5.rx
Verdict: Success

File: RCompiler-Testcases/semantic-1/if6/if6.rx
Verdict: Success

File: RCompiler-Testcases/semantic-1/if7/if7.rx
Verdict: Success

File: RCompiler-Testcases/semantic-1/if8/if8.rx
Verdict: Success

File: RCompiler-Testcases/semantic-1/if9/if9.rx
Verdict: Success

File: RCompiler-Testcases/semantic-1/loop1/loop1.rx
Verdict: Success

File: RCompiler-Testcases/semantic-1/loop10/loop10.rx
Verdict: Fail

File: RCompiler-Testcases/semantic-1/loop2/loop2.rx
Verdict: Success

File: RCompiler-Testcases/semantic-1/loop3/loop3.rx
Verdict: Success

File: RCompiler-Testcases/semantic-1/loop4/loop4.rx
Verdict: Success

File: RCompiler-Testcases/semantic-1/loop5/loop5.rx
Verdict: Success

File: RCompiler-Testcases/semantic-1/loop6/loop6.rx
Verdict: Fail

File: RCompiler-Testcases/semantic-1/loop7/loop7.rx
Verdict: Fail

File: RCompiler-Testcases/semantic-1/loop8/loop8.rx
Verdict: Fail

File: RCompiler-Testcases/semantic-1/loop9/loop9.rx
Verdict: Fail

File: RCompiler-Testcases/semantic-1/misc1/misc1.rx
Verdict: Success

File: RCompiler-Testcases/semantic-1/misc10/misc10.rx
Verdict: Success

File: RCompiler-Testcases/semantic-1/misc11/misc11.rx
Verdict: Success

File: RCompiler-Testcases/semantic-1/misc12/misc12.rx
Verdict: Success

File: RCompiler-Testcases/semantic-1/misc13/misc13.rx
Verdict: Success

File: RCompiler-Testcases/semantic-1/misc14/misc14.rx
Verdict: Success

File: RCompiler-Testcases/semantic-1/misc15/misc15.rx
Verdict: Success

File: RCompiler-Testcases/semantic-1/misc16/misc16.rx
Verdict: Success

File: RCompiler-Testcases/semantic-1/misc17/misc17.rx
Verdict: Success

File: RCompiler-Testcases/semantic-1/misc18/misc18.rx
Verdict: Success

File: RCompiler-Testcases/semantic-1/misc19/misc19.rx
Verdict: Success

File: RCompiler-Testcases/semantic-1/misc2/misc2.rx
Verdict: Success

File: RCompiler-Testcases/semantic-1/misc20/misc20.rx
Verdict: Success

File: RCompiler-Testcases/semantic-1/misc21/misc21.rx
Verdict: Success

File: RCompiler-Testcases/semantic-1/misc22/misc22.rx
Verdict: Success

File: RCompiler-Testcases/semantic-1/misc23/misc23.rx
Verdict: Success

File: RCompiler-Testcases/semantic-1/misc24/misc24.rx
Verdict: Success

File: RCompiler-Testcases/semantic-1/misc25/misc25.rx
Verdict: Success

File: RCompiler-Testcases/semantic-1/misc26/misc26.rx
Verdict: Success

File: RCompiler-Testcases/semantic-1/misc27/misc27.rx
Verdict: Success

File: RCompiler-Testcases/semantic-1/misc28/misc28.rx
Verdict: Success

File: RCompiler-Testcases/semantic-1/misc29/misc29.rx
Verdict: Success

File: RCompiler-Testcases/semantic-1/misc3/misc3.rx
Verdict: Success

File: RCompiler-Testcases/semantic-1/misc30/misc30.rx
Verdict: Success

File: RCompiler-Testcases/semantic-1/misc31/misc31.rx
Verdict: Success

File: RCompiler-Testcases/semantic-1/misc32/misc32.rx
Verdict: Success

File: RCompiler-Testcases/semantic-1/misc33/misc33.rx
Verdict: Success

File: RCompiler-Testcases/semantic-1/misc34/misc34.rx
Verdict: Success

File: RCompiler-Testcases/semantic-1/misc35/misc35.rx
Verdict: Success

File: RCompiler-Testcases/semantic-1/misc36/misc36.rx
Verdict: Success

File: RCompiler-Testcases/semantic-1/misc37/misc37.rx
Verdict: Success

File: RCompiler-Testcases/semantic-1/misc38/misc38.rx
Verdict: Success

File: RCompiler-Testcases/semantic-1/misc39/misc39.rx
Verdict: Success

File: RCompiler-Testcases/semantic-1/misc4/misc4.rx
Verdict: Success

File: RCompiler-Testcases/semantic-1/misc40/misc40.rx
Verdict: Success

File: RCompiler-Testcases/semantic-1/misc41/misc41.rx
Verdict: Success

File: RCompiler-Testcases/semantic-1/misc42/misc42.rx
Verdict: Success

File: RCompiler-Testcases/semantic-1/misc43/misc43.rx
Verdict: Success

File: RCompiler-Testcases/semantic-1/misc44/misc44.rx
Verdict: Success

File: RCompiler-Testcases/semantic-1/misc45/misc45.rx
Verdict: Success

File: RCompiler-Testcases/semantic-1/misc46/misc46.rx
Verdict: Success

File: RCompiler-Testcases/semantic-1/misc47/misc47.rx
Verdict: Success

File: RCompiler-Testcases/semantic-1/misc48/misc48.rx
Verdict: Success

File: RCompiler-Testcases/semantic-1/misc49/misc49.rx
Verdict: Success

File: RCompiler-Testcases/semantic-1/misc5/misc5.rx
Verdict: Success

File: RCompiler-Testcases/semantic-1/misc50/misc50.rx
Verdict: Success

File: RCompiler-Testcases/semantic-1/misc51/misc51.rx
Verdict: Success

File: RCompiler-Testcases/semantic-1/misc52/misc52.rx
Verdict: Success

File: RCompiler-Testcases/semantic-1/misc53/misc53.rx
Verdict: Success

File: RCompiler-Testcases/semantic-1/misc54/misc54.rx
Verdict: Success

File: RCompiler-Testcases/semantic-1/misc55/misc55.rx
Verdict: Success

File: RCompiler-Testcases/semantic-1/misc56/misc56.rx
Verdict: Fail

File: RCompiler-Testcases/semantic-1/misc57/misc57.rx
Verdict: Fail

File: RCompiler-Testcases/semantic-1/misc58/misc58.rx
Verdict: Fail

File: RCompiler-Testcases/semantic-1/misc59/misc59.rx
Verdict: Fail

File: RCompiler-Testcases/semantic-1/misc6/misc6.rx
Verdict: Success

File: RCompiler-Testcases/semantic-1/misc60/misc60.rx
Verdict: Fail

File: RCompiler-Testcases/semantic-1/misc61/misc61.rx
Verdict: Fail

File: RCompiler-Testcases/semantic-1/misc62/misc62.rx
Verdict: Fail

File: RCompiler-Testcases/semantic-1/misc63/misc63.rx
Verdict: Fail

File: RCompiler-Testcases/semantic-1/misc64/misc64.rx
Verdict: Fail

File: RCompiler-Testcases/semantic-1/misc65/misc65.rx
Verdict: Success

File: RCompiler-Testcases/semantic-1/misc7/misc7.rx
Verdict: Success

File: RCompiler-Testcases/semantic-1/misc8/misc8.rx
Verdict: Success

File: RCompiler-Testcases/semantic-1/misc9/misc9.rx
Verdict: Success

File: RCompiler-Testcases/semantic-1/return1/return1.rx
Verdict: Fail

File: RCompiler-Testcases/semantic-1/return10/return10.rx
Verdict: Fail

File: RCompiler-Testcases/semantic-1/return11/return11.rx
Verdict: Fail

File: RCompiler-Testcases/semantic-1/return12/return12.rx
Verdict: Pass

File: RCompiler-Testcases/semantic-1/return13/return13.rx
Verdict: Pass

File: RCompiler-Testcases/semantic-1/return14/return14.rx
Verdict: Pass

File: RCompiler-Testcases/semantic-1/return15/return15.rx
Verdict: Pass

File: RCompiler-Testcases/semantic-1/return2/return2.rx
Verdict: Success

File: RCompiler-Testcases/semantic-1/return3/return3.rx
Verdict: Fail

File: RCompiler-Testcases/semantic-1/return4/return4.rx
Verdict: Fail

File: RCompiler-Testcases/semantic-1/return5/return5.rx
Verdict: Fail

File: RCompiler-Testcases/semantic-1/return6/return6.rx
Verdict: Fail

File: RCompiler-Testcases/semantic-1/return7/return7.rx
Verdict: Fail

File: RCompiler-Testcases/semantic-1/return8/return8.rx
Verdict: Pass

File: RCompiler-Testcases/semantic-1/return9/return9.rx
Verdict: Fail

File: RCompiler-Testcases/semantic-1/type1/type1.rx
Verdict: Fail

File: RCompiler-Testcases/semantic-1/type10/type10.rx
Verdict: Fail

File: RCompiler-Testcases/semantic-1/type11/type11.rx
Verdict: Fail

File: RCompiler-Testcases/semantic-1/type12/type12.rx
Verdict: Fail

File: RCompiler-Testcases/semantic-1/type13/type13.rx
Verdict: Fail

File: RCompiler-Testcases/semantic-1/type14/type14.rx
Verdict: Fail

File: RCompiler-Testcases/semantic-1/type15/type15.rx
Verdict: Fail

File: RCompiler-Testcases/semantic-1/type16/type16.rx
Verdict: Fail

File: RCompiler-Testcases/semantic-1/type17/type17.rx
Verdict: Fail

File: RCompiler-Testcases/semantic-1/type18/type18.rx
Verdict: Fail

File: RCompiler-Testcases/semantic-1/type19/type19.rx
Verdict: Fail

File: RCompiler-Testcases/semantic-1/type2/type2.rx
Verdict: Fail

File: RCompiler-Testcases/semantic-1/type20/type20.rx
Verdict: Fail

File: RCompiler-Testcases/semantic-1/type3/type3.rx
Verdict: Fail

File: RCompiler-Testcases/semantic-1/type4/type4.rx
Verdict: Fail

File: RCompiler-Testcases/semantic-1/type5/type5.rx
Verdict: Fail

File: RCompiler-Testcases/semantic-1/type6/type6.rx
Verdict: Fail

File: RCompiler-Testcases/semantic-1/type7/type7.rx
Verdict: Fail

File: RCompiler-Testcases/semantic-1/type8/type8.rx
Verdict: Fail

File: RCompiler-Testcases/semantic-1/type9/type9.rx
Verdict: Fail


array category:
  Total: 8, Success: 3, Pass: 0, Fail: 5
autoref category:
  Total: 9, Success: 0, Pass: 7, Fail: 2
basic category:
  Total: 40, Success: 15, Pass: 1, Fail: 24
expr category:
  Total: 40, Success: 6, Pass: 1, Fail: 33
if category:
  Total: 15, Success: 9, Pass: 0, Fail: 6
loop category:
  Total: 10, Success: 5, Pass: 0, Fail: 5
misc category:
  Total: 65, Success: 55, Pass: 0, Fail: 10
return category:
  Total: 15, Success: 1, Pass: 5, Fail: 9
type category:
  Total: 20, Success: 0, Pass: 0, Fail: 20
