Summary of Verdicts for RCompiler-Testcases/semantic-1:

Total files: 222
Success verdicts: 99
Pass verdicts: 14
Fail verdicts: 109

Detailed breakdown by category:

array category:
  Total: 0, Success: 0, Pass: 0, Fail: 0
autoref category:
  Total: 0, Success: 0, Pass: 0, Fail: 0
basic category:
  Total: 0, Success: 0, Pass: 0, Fail: 0
expr category:
  Total: 0, Success: 0, Pass: 0, Fail: 0
if category:
  Total: 0, Success: 0, Pass: 0, Fail: 0
loop category:
  Total: 0, Success: 0, Pass: 0, Fail: 0
misc category:
  Total: 0, Success: 0, Pass: 0, Fail: 0
return category:
  Total: 0, Success: 0, Pass: 0, Fail: 0
type category:
  Total: 0, Success: 0, Pass: 0, Fail: 0
