[错误] expr1.rx: 解析错误: Unexpected token 'printInt' in expression
[错误] expr10.rx: 解析错误: Expected identifier, 'self' or 'Self' in path segment
[错误] expr11.rx: 系统错误: Expected '{' at start of block expression
[错误] expr12.rx: 解析错误: Expected '(' at start of grouped expression
[错误] expr15.rx: 解析错误: Unexpected token '2' in expression
[错误] expr16.rx: 解析错误: Unexpected token '3' in expression
[错误] expr18.rx: 系统错误: unknown ExprWithoutBlockNode
[错误] expr2.rx: 解析错误: Expected identifier, 'self' or 'Self' in path segment
[错误] expr20.rx: 解析错误: Expected '(' at start of grouped expression
[错误] expr21.rx: 解析错误: Expected ';' at end of let statement
[错误] expr22.rx: 解析错误: Expected ',' or ')' in function argument list
[错误] expr23.rx: 系统错误: unknown ExprWithoutBlockNode
[错误] expr24.rx: 解析错误: Expected ')' at end of grouped expression
[错误] expr25.rx: 解析错误: Expected '(' at start of grouped expression
[错误] expr26.rx: 解析错误: Unexpected token 'data' in expression
[错误] expr27.rx: 解析错误: Expected ';' at end of let statement
[错误] expr28.rx: 解析错误: Expected ')' at end of grouped expression
[错误] expr29.rx: 解析错误: Expected ']' at end of array expression
[错误] expr3.rx: 系统错误: Expected '}' at end of block expression
[错误] expr30.rx: 解析错误: Expected '(' at start of grouped expression
[错误] expr31.rx: 解析错误: Unexpected token '9' in expression
[错误] expr32.rx: 解析错误: Expected ',' or ')' in function argument list
[错误] expr34.rx: 解析错误: Unexpected token 'if' in expression
[错误] expr37.rx: 解析错误: Unexpected token 'if' in expression
[错误] expr39.rx: 解析错误: Expected ')' at end of grouped expression
[错误] expr40.rx: 解析错误: Expected ')' at end of grouped expression
[错误] expr5.rx: 解析错误: Expected ')' at end of grouped expression
[错误] expr6.rx: 解析错误: Expected ']' at end of array expression
[错误] expr7.rx: 解析错误: Unexpected token 'y' in expression
[错误] expr8.rx: 解析错误: Expected ',' or ')' in function argument list
[错误] expr9.rx: 解析错误: Unexpected token 'add' in expression
[错误] if10.rx: 解析错误: Expected ')' at end of grouped expression
[错误] if14.rx: 系统错误: Expected '}' at end of block expression
[错误] loop10.rx: 解析错误: Expected '(' at start of grouped expression
[错误] loop8.rx: 系统错误: Expected '{' at start of block expression
[错误] misc27.rx: 解析错误: Unexpected token 'if' in expression
[错误] misc43.rx: 解析错误: Unexpected token 'if' in expression
[错误] misc44.rx: 解析错误: Unexpected token 'if' in expression
[错误] misc62.rx: 解析错误: Unexpected token 'if' in expression
